<?xml version="1.0" encoding="UTF-8"?>
<testsuite xmlns:xsi="http://www.w3.org/2001/XMLSchema-instance" xsi:noNamespaceSchemaLocation="https://maven.apache.org/surefire/maven-surefire-plugin/xsd/surefire-test-report-3.0.xsd" version="3.0" name="marketplaceserverapi.controllers.MarketAdminControllerTest" time="0.563" tests="1" errors="0" skipped="0" failures="1">
  <properties>
    <property name="sun.desktop" value="windows"/>
    <property name="awt.toolkit" value="sun.awt.windows.WToolkit"/>
    <property name="file.encoding.pkg" value="sun.io"/>
    <property name="java.specification.version" value="1.8"/>
    <property name="sun.cpu.isalist" value="amd64"/>
    <property name="sun.jnu.encoding" value="Cp1252"/>
    <property name="java.class.path" value="C:\Users\jason\OneDrive\Documents\GitHub\MarketplaceServerAPI\target\test-classes;C:\Users\jason\OneDrive\Documents\GitHub\MarketplaceServerAPI\target\classes;C:\Users\jason\.m2\repository\org\springframework\boot\spring-boot-starter-actuator\2.1.1.RELEASE\spring-boot-starter-actuator-2.1.1.RELEASE.jar;C:\Users\jason\.m2\repository\org\springframework\boot\spring-boot-starter\2.1.1.RELEASE\spring-boot-starter-2.1.1.RELEASE.jar;C:\Users\jason\.m2\repository\org\springframework\boot\spring-boot-starter-logging\2.1.1.RELEASE\spring-boot-starter-logging-2.1.1.RELEASE.jar;C:\Users\jason\.m2\repository\ch\qos\logback\logback-classic\1.2.3\logback-classic-1.2.3.jar;C:\Users\jason\.m2\repository\ch\qos\logback\logback-core\1.2.3\logback-core-1.2.3.jar;C:\Users\jason\.m2\repository\org\slf4j\slf4j-api\1.7.25\slf4j-api-1.7.25.jar;C:\Users\jason\.m2\repository\org\apache\logging\log4j\log4j-to-slf4j\2.11.1\log4j-to-slf4j-2.11.1.jar;C:\Users\jason\.m2\repository\org\apache\logging\log4j\log4j-api\2.11.1\log4j-api-2.11.1.jar;C:\Users\jason\.m2\repository\org\slf4j\jul-to-slf4j\1.7.25\jul-to-slf4j-1.7.25.jar;C:\Users\jason\.m2\repository\javax\annotation\javax.annotation-api\1.3.2\javax.annotation-api-1.3.2.jar;C:\Users\jason\.m2\repository\org\yaml\snakeyaml\1.23\snakeyaml-1.23.jar;C:\Users\jason\.m2\repository\org\springframework\boot\spring-boot-actuator-autoconfigure\2.1.1.RELEASE\spring-boot-actuator-autoconfigure-2.1.1.RELEASE.jar;C:\Users\jason\.m2\repository\org\springframework\boot\spring-boot-actuator\2.1.1.RELEASE\spring-boot-actuator-2.1.1.RELEASE.jar;C:\Users\jason\.m2\repository\com\fasterxml\jackson\core\jackson-databind\2.9.7\jackson-databind-2.9.7.jar;C:\Users\jason\.m2\repository\com\fasterxml\jackson\core\jackson-annotations\2.9.0\jackson-annotations-2.9.0.jar;C:\Users\jason\.m2\repository\com\fasterxml\jackson\core\jackson-core\2.9.7\jackson-core-2.9.7.jar;C:\Users\jason\.m2\repository\org\springframework\spring-context\5.1.3.RELEASE\spring-context-5.1.3.RELEASE.jar;C:\Users\jason\.m2\repository\com\fasterxml\jackson\datatype\jackson-datatype-jsr310\2.9.7\jackson-datatype-jsr310-2.9.7.jar;C:\Users\jason\.m2\repository\io\micrometer\micrometer-core\1.1.1\micrometer-core-1.1.1.jar;C:\Users\jason\.m2\repository\org\hdrhistogram\HdrHistogram\2.1.9\HdrHistogram-2.1.9.jar;C:\Users\jason\.m2\repository\org\latencyutils\LatencyUtils\2.0.3\LatencyUtils-2.0.3.jar;C:\Users\jason\.m2\repository\org\springframework\boot\spring-boot-devtools\2.1.1.RELEASE\spring-boot-devtools-2.1.1.RELEASE.jar;C:\Users\jason\.m2\repository\org\springframework\boot\spring-boot\2.1.1.RELEASE\spring-boot-2.1.1.RELEASE.jar;C:\Users\jason\.m2\repository\org\springframework\boot\spring-boot-autoconfigure\2.1.1.RELEASE\spring-boot-autoconfigure-2.1.1.RELEASE.jar;C:\Users\jason\.m2\repository\com\google\code\gson\gson\2.8.5\gson-2.8.5.jar;C:\Users\jason\.m2\repository\org\springframework\spring-web\5.1.4.RELEASE\spring-web-5.1.4.RELEASE.jar;C:\Users\jason\.m2\repository\org\springframework\spring-beans\5.1.4.RELEASE\spring-beans-5.1.4.RELEASE.jar;C:\Users\jason\.m2\repository\org\springframework\spring-core\5.1.4.RELEASE\spring-core-5.1.4.RELEASE.jar;C:\Users\jason\.m2\repository\org\springframework\spring-jcl\5.1.4.RELEASE\spring-jcl-5.1.4.RELEASE.jar;C:\Users\jason\.m2\repository\org\springframework\boot\spring-boot-starter-web\2.1.1.RELEASE\spring-boot-starter-web-2.1.1.RELEASE.jar;C:\Users\jason\.m2\repository\org\springframework\boot\spring-boot-starter-json\2.1.1.RELEASE\spring-boot-starter-json-2.1.1.RELEASE.jar;C:\Users\jason\.m2\repository\com\fasterxml\jackson\datatype\jackson-datatype-jdk8\2.9.7\jackson-datatype-jdk8-2.9.7.jar;C:\Users\jason\.m2\repository\com\fasterxml\jackson\module\jackson-module-parameter-names\2.9.7\jackson-module-parameter-names-2.9.7.jar;C:\Users\jason\.m2\repository\org\springframework\boot\spring-boot-starter-tomcat\2.1.1.RELEASE\spring-boot-starter-tomcat-2.1.1.RELEASE.jar;C:\Users\jason\.m2\repository\org\apache\tomcat\embed\tomcat-embed-core\9.0.13\tomcat-embed-core-9.0.13.jar;C:\Users\jason\.m2\repository\org\apache\tomcat\embed\tomcat-embed-el\9.0.13\tomcat-embed-el-9.0.13.jar;C:\Users\jason\.m2\repository\org\apache\tomcat\embed\tomcat-embed-websocket\9.0.13\tomcat-embed-websocket-9.0.13.jar;C:\Users\jason\.m2\repository\org\hibernate\validator\hibernate-validator\6.0.13.Final\hibernate-validator-6.0.13.Final.jar;C:\Users\jason\.m2\repository\javax\validation\validation-api\2.0.1.Final\validation-api-2.0.1.Final.jar;C:\Users\jason\.m2\repository\org\jboss\logging\jboss-logging\3.3.2.Final\jboss-logging-3.3.2.Final.jar;C:\Users\jason\.m2\repository\com\fasterxml\classmate\1.3.4\classmate-1.3.4.jar;C:\Users\jason\.m2\repository\org\springframework\spring-webmvc\5.1.3.RELEASE\spring-webmvc-5.1.3.RELEASE.jar;C:\Users\jason\.m2\repository\org\springframework\spring-aop\5.1.3.RELEASE\spring-aop-5.1.3.RELEASE.jar;C:\Users\jason\.m2\repository\org\springframework\spring-expression\5.1.3.RELEASE\spring-expression-5.1.3.RELEASE.jar;C:\Users\jason\.m2\repository\org\apache\httpcomponents\httpclient\4.5.6\httpclient-4.5.6.jar;C:\Users\jason\.m2\repository\org\apache\httpcomponents\httpcore\4.4.10\httpcore-4.4.10.jar;C:\Users\jason\.m2\repository\commons-logging\commons-logging\1.2\commons-logging-1.2.jar;C:\Users\jason\.m2\repository\commons-codec\commons-codec\1.10\commons-codec-1.10.jar;C:\Users\jason\.m2\repository\org\junit\jupiter\junit-jupiter-engine\5.3.1\junit-jupiter-engine-5.3.1.jar;C:\Users\jason\.m2\repository\org\apiguardian\apiguardian-api\1.0.0\apiguardian-api-1.0.0.jar;C:\Users\jason\.m2\repository\org\junit\platform\junit-platform-engine\1.3.1\junit-platform-engine-1.3.1.jar;C:\Users\jason\.m2\repository\org\junit\platform\junit-platform-commons\1.3.1\junit-platform-commons-1.3.1.jar;C:\Users\jason\.m2\repository\org\opentest4j\opentest4j\1.1.1\opentest4j-1.1.1.jar;C:\Users\jason\.m2\repository\org\junit\jupiter\junit-jupiter-api\5.3.1\junit-jupiter-api-5.3.1.jar;C:\Users\jason\.m2\repository\org\junit\vintage\junit-vintage-engine\5.3.1\junit-vintage-engine-5.3.1.jar;C:\Users\jason\.m2\repository\junit\junit\4.12\junit-4.12.jar;C:\Users\jason\.m2\repository\org\hamcrest\hamcrest-core\1.3\hamcrest-core-1.3.jar;"/>
    <property name="java.vm.vendor" value="Oracle Corporation"/>
    <property name="sun.arch.data.model" value="64"/>
    <property name="user.variant" value=""/>
    <property name="java.vendor.url" value="http://java.oracle.com/"/>
    <property name="user.timezone" value="America/New_York"/>
    <property name="java.vm.specification.version" value="1.8"/>
    <property name="os.name" value="Windows 10"/>
    <property name="user.country" value="US"/>
    <property name="sun.java.launcher" value="SUN_STANDARD"/>
    <property name="sun.boot.library.path" value="C:\Program Files\Java\jdk1.8.0_191\jre\bin"/>
    <property name="sun.java.command" value="C:\Users\jason\AppData\Local\Temp\surefire8249631131494459746\surefirebooter8174473741915606955.jar C:\Users\jason\AppData\Local\Temp\surefire8249631131494459746 2019-01-13T21-35-20_979-jvmRun1 surefire5780391746451695403tmp surefire_04974817186553390167tmp"/>
    <property name="surefire.test.class.path" value="C:\Users\jason\OneDrive\Documents\GitHub\MarketplaceServerAPI\target\test-classes;C:\Users\jason\OneDrive\Documents\GitHub\MarketplaceServerAPI\target\classes;C:\Users\jason\.m2\repository\org\springframework\boot\spring-boot-starter-actuator\2.1.1.RELEASE\spring-boot-starter-actuator-2.1.1.RELEASE.jar;C:\Users\jason\.m2\repository\org\springframework\boot\spring-boot-starter\2.1.1.RELEASE\spring-boot-starter-2.1.1.RELEASE.jar;C:\Users\jason\.m2\repository\org\springframework\boot\spring-boot-starter-logging\2.1.1.RELEASE\spring-boot-starter-logging-2.1.1.RELEASE.jar;C:\Users\jason\.m2\repository\ch\qos\logback\logback-classic\1.2.3\logback-classic-1.2.3.jar;C:\Users\jason\.m2\repository\ch\qos\logback\logback-core\1.2.3\logback-core-1.2.3.jar;C:\Users\jason\.m2\repository\org\slf4j\slf4j-api\1.7.25\slf4j-api-1.7.25.jar;C:\Users\jason\.m2\repository\org\apache\logging\log4j\log4j-to-slf4j\2.11.1\log4j-to-slf4j-2.11.1.jar;C:\Users\jason\.m2\repository\org\apache\logging\log4j\log4j-api\2.11.1\log4j-api-2.11.1.jar;C:\Users\jason\.m2\repository\org\slf4j\jul-to-slf4j\1.7.25\jul-to-slf4j-1.7.25.jar;C:\Users\jason\.m2\repository\javax\annotation\javax.annotation-api\1.3.2\javax.annotation-api-1.3.2.jar;C:\Users\jason\.m2\repository\org\yaml\snakeyaml\1.23\snakeyaml-1.23.jar;C:\Users\jason\.m2\repository\org\springframework\boot\spring-boot-actuator-autoconfigure\2.1.1.RELEASE\spring-boot-actuator-autoconfigure-2.1.1.RELEASE.jar;C:\Users\jason\.m2\repository\org\springframework\boot\spring-boot-actuator\2.1.1.RELEASE\spring-boot-actuator-2.1.1.RELEASE.jar;C:\Users\jason\.m2\repository\com\fasterxml\jackson\core\jackson-databind\2.9.7\jackson-databind-2.9.7.jar;C:\Users\jason\.m2\repository\com\fasterxml\jackson\core\jackson-annotations\2.9.0\jackson-annotations-2.9.0.jar;C:\Users\jason\.m2\repository\com\fasterxml\jackson\core\jackson-core\2.9.7\jackson-core-2.9.7.jar;C:\Users\jason\.m2\repository\org\springframework\spring-context\5.1.3.RELEASE\spring-context-5.1.3.RELEASE.jar;C:\Users\jason\.m2\repository\com\fasterxml\jackson\datatype\jackson-datatype-jsr310\2.9.7\jackson-datatype-jsr310-2.9.7.jar;C:\Users\jason\.m2\repository\io\micrometer\micrometer-core\1.1.1\micrometer-core-1.1.1.jar;C:\Users\jason\.m2\repository\org\hdrhistogram\HdrHistogram\2.1.9\HdrHistogram-2.1.9.jar;C:\Users\jason\.m2\repository\org\latencyutils\LatencyUtils\2.0.3\LatencyUtils-2.0.3.jar;C:\Users\jason\.m2\repository\org\springframework\boot\spring-boot-devtools\2.1.1.RELEASE\spring-boot-devtools-2.1.1.RELEASE.jar;C:\Users\jason\.m2\repository\org\springframework\boot\spring-boot\2.1.1.RELEASE\spring-boot-2.1.1.RELEASE.jar;C:\Users\jason\.m2\repository\org\springframework\boot\spring-boot-autoconfigure\2.1.1.RELEASE\spring-boot-autoconfigure-2.1.1.RELEASE.jar;C:\Users\jason\.m2\repository\com\google\code\gson\gson\2.8.5\gson-2.8.5.jar;C:\Users\jason\.m2\repository\org\springframework\spring-web\5.1.4.RELEASE\spring-web-5.1.4.RELEASE.jar;C:\Users\jason\.m2\repository\org\springframework\spring-beans\5.1.4.RELEASE\spring-beans-5.1.4.RELEASE.jar;C:\Users\jason\.m2\repository\org\springframework\spring-core\5.1.4.RELEASE\spring-core-5.1.4.RELEASE.jar;C:\Users\jason\.m2\repository\org\springframework\spring-jcl\5.1.4.RELEASE\spring-jcl-5.1.4.RELEASE.jar;C:\Users\jason\.m2\repository\org\springframework\boot\spring-boot-starter-web\2.1.1.RELEASE\spring-boot-starter-web-2.1.1.RELEASE.jar;C:\Users\jason\.m2\repository\org\springframework\boot\spring-boot-starter-json\2.1.1.RELEASE\spring-boot-starter-json-2.1.1.RELEASE.jar;C:\Users\jason\.m2\repository\com\fasterxml\jackson\datatype\jackson-datatype-jdk8\2.9.7\jackson-datatype-jdk8-2.9.7.jar;C:\Users\jason\.m2\repository\com\fasterxml\jackson\module\jackson-module-parameter-names\2.9.7\jackson-module-parameter-names-2.9.7.jar;C:\Users\jason\.m2\repository\org\springframework\boot\spring-boot-starter-tomcat\2.1.1.RELEASE\spring-boot-starter-tomcat-2.1.1.RELEASE.jar;C:\Users\jason\.m2\repository\org\apache\tomcat\embed\tomcat-embed-core\9.0.13\tomcat-embed-core-9.0.13.jar;C:\Users\jason\.m2\repository\org\apache\tomcat\embed\tomcat-embed-el\9.0.13\tomcat-embed-el-9.0.13.jar;C:\Users\jason\.m2\repository\org\apache\tomcat\embed\tomcat-embed-websocket\9.0.13\tomcat-embed-websocket-9.0.13.jar;C:\Users\jason\.m2\repository\org\hibernate\validator\hibernate-validator\6.0.13.Final\hibernate-validator-6.0.13.Final.jar;C:\Users\jason\.m2\repository\javax\validation\validation-api\2.0.1.Final\validation-api-2.0.1.Final.jar;C:\Users\jason\.m2\repository\org\jboss\logging\jboss-logging\3.3.2.Final\jboss-logging-3.3.2.Final.jar;C:\Users\jason\.m2\repository\com\fasterxml\classmate\1.3.4\classmate-1.3.4.jar;C:\Users\jason\.m2\repository\org\springframework\spring-webmvc\5.1.3.RELEASE\spring-webmvc-5.1.3.RELEASE.jar;C:\Users\jason\.m2\repository\org\springframework\spring-aop\5.1.3.RELEASE\spring-aop-5.1.3.RELEASE.jar;C:\Users\jason\.m2\repository\org\springframework\spring-expression\5.1.3.RELEASE\spring-expression-5.1.3.RELEASE.jar;C:\Users\jason\.m2\repository\org\apache\httpcomponents\httpclient\4.5.6\httpclient-4.5.6.jar;C:\Users\jason\.m2\repository\org\apache\httpcomponents\httpcore\4.4.10\httpcore-4.4.10.jar;C:\Users\jason\.m2\repository\commons-logging\commons-logging\1.2\commons-logging-1.2.jar;C:\Users\jason\.m2\repository\commons-codec\commons-codec\1.10\commons-codec-1.10.jar;C:\Users\jason\.m2\repository\org\junit\jupiter\junit-jupiter-engine\5.3.1\junit-jupiter-engine-5.3.1.jar;C:\Users\jason\.m2\repository\org\apiguardian\apiguardian-api\1.0.0\apiguardian-api-1.0.0.jar;C:\Users\jason\.m2\repository\org\junit\platform\junit-platform-engine\1.3.1\junit-platform-engine-1.3.1.jar;C:\Users\jason\.m2\repository\org\junit\platform\junit-platform-commons\1.3.1\junit-platform-commons-1.3.1.jar;C:\Users\jason\.m2\repository\org\opentest4j\opentest4j\1.1.1\opentest4j-1.1.1.jar;C:\Users\jason\.m2\repository\org\junit\jupiter\junit-jupiter-api\5.3.1\junit-jupiter-api-5.3.1.jar;C:\Users\jason\.m2\repository\org\junit\vintage\junit-vintage-engine\5.3.1\junit-vintage-engine-5.3.1.jar;C:\Users\jason\.m2\repository\junit\junit\4.12\junit-4.12.jar;C:\Users\jason\.m2\repository\org\hamcrest\hamcrest-core\1.3\hamcrest-core-1.3.jar;"/>
    <property name="sun.cpu.endian" value="little"/>
    <property name="user.home" value="C:\Users\jason"/>
    <property name="user.language" value="en"/>
    <property name="java.specification.vendor" value="Oracle Corporation"/>
    <property name="java.home" value="C:\Program Files\Java\jdk1.8.0_191\jre"/>
    <property name="basedir" value="C:\Users\jason\OneDrive\Documents\GitHub\MarketplaceServerAPI"/>
    <property name="file.separator" value="\"/>
    <property name="line.separator" value="&#10;"/>
    <property name="java.vm.specification.vendor" value="Oracle Corporation"/>
    <property name="java.specification.name" value="Java Platform API Specification"/>
    <property name="java.awt.graphicsenv" value="sun.awt.Win32GraphicsEnvironment"/>
    <property name="surefire.real.class.path" value="C:\Users\jason\AppData\Local\Temp\surefire8249631131494459746\surefirebooter8174473741915606955.jar"/>
    <property name="sun.boot.class.path" value="C:\Program Files\Java\jdk1.8.0_191\jre\lib\resources.jar;C:\Program Files\Java\jdk1.8.0_191\jre\lib\rt.jar;C:\Program Files\Java\jdk1.8.0_191\jre\lib\sunrsasign.jar;C:\Program Files\Java\jdk1.8.0_191\jre\lib\jsse.jar;C:\Program Files\Java\jdk1.8.0_191\jre\lib\jce.jar;C:\Program Files\Java\jdk1.8.0_191\jre\lib\charsets.jar;C:\Program Files\Java\jdk1.8.0_191\jre\lib\jfr.jar;C:\Program Files\Java\jdk1.8.0_191\jre\classes"/>
    <property name="user.script" value=""/>
    <property name="sun.management.compiler" value="HotSpot 64-Bit Tiered Compilers"/>
    <property name="java.runtime.version" value="1.8.0_191-b12"/>
    <property name="user.name" value="jason"/>
    <property name="path.separator" value=";"/>
    <property name="os.version" value="10.0"/>
    <property name="java.endorsed.dirs" value="C:\Program Files\Java\jdk1.8.0_191\jre\lib\endorsed"/>
    <property name="java.runtime.name" value="Java(TM) SE Runtime Environment"/>
    <property name="file.encoding" value="Cp1252"/>
    <property name="java.vm.name" value="Java HotSpot(TM) 64-Bit Server VM"/>
    <property name="skipTests" value="false"/>
    <property name="localRepository" value="C:\Users\jason\.m2\repository"/>
    <property name="java.vendor.url.bug" value="http://bugreport.sun.com/bugreport/"/>
    <property name="java.io.tmpdir" value="C:\Users\jason\AppData\Local\Temp\"/>
    <property name="java.version" value="1.8.0_191"/>
    <property name="user.dir" value="C:\Users\jason\OneDrive\Documents\GitHub\MarketplaceServerAPI"/>
    <property name="os.arch" value="amd64"/>
    <property name="java.vm.specification.name" value="Java Virtual Machine Specification"/>
    <property name="java.awt.printerjob" value="sun.awt.windows.WPrinterJob"/>
    <property name="sun.os.patch.level" value=""/>
    <property name="java.library.path" value="C:\Program Files\Java\jdk1.8.0_191\jre\bin;C:\windows\Sun\Java\bin;C:\windows\system32;C:\windows;C:\Python37\Scripts\;C:\Python37\;C:\Program Files (x86)\Common Files\Oracle\Java\javapath;C:\windows\system32;C:\windows;C:\windows\System32\Wbem;C:\windows\System32\WindowsPowerShell\v1.0\;C:\windows\System32\OpenSSH\;C:\ProgramData\chocolatey\bin;C:\Program Files\PuTTY\;C:\Program Files\Java\jdk1.8.0_191\bin;C:\Program Files\Git\cmd;C:\Users\jason\AppData\Local\Microsoft\WindowsApps;C:\Program Files\JetBrains\IntelliJ IDEA 2018.3\bin;C:\Users\jason\AppData\Local\Programs\Microsoft VS Code\bin;C:\Users\jason\AppData\Local\GitHubDesktop\bin;."/>
    <property name="java.vm.info" value="mixed mode"/>
    <property name="java.vendor" value="Oracle Corporation"/>
    <property name="java.vm.version" value="25.191-b12"/>
    <property name="java.ext.dirs" value="C:\Program Files\Java\jdk1.8.0_191\jre\lib\ext;C:\windows\Sun\Java\lib\ext"/>
    <property name="sun.io.unicode.encoding" value="UnicodeLittle"/>
    <property name="java.class.version" value="52.0"/>
  </properties>
  <testcase name="givenProductToAddToMarket_whenProductInfoIsRetrieved_thenNewMarketIsReceived" classname="marketplaceserverapi.controllers.MarketAdminControllerTest" time="0.563">
    <failure message="expected:&lt;200&gt; but was:&lt;500&gt;" type="java.lang.AssertionError"><![CDATA[java.lang.AssertionError: expected:<200> but was:<500>
	at marketplaceserverapi.controllers.MarketAdminControllerTest.givenProductToAddToMarket_whenProductInfoIsRetrieved_thenNewMarketIsReceived(MarketAdminControllerTest.java:32)
]]></failure>
    <system-out><![CDATA[21:35:22.931 [main] DEBUG org.apache.http.client.protocol.RequestAddCookies - CookieSpec selected: default
21:35:22.931 [main] DEBUG org.apache.http.client.protocol.RequestAuthCache - Auth cache not set in the context
21:35:22.931 [main] DEBUG org.apache.http.impl.conn.PoolingHttpClientConnectionManager - Connection request: [route: {}->http://localhost:8080][total kept alive: 0; route allocated: 0 of 2; total allocated: 0 of 20]
21:35:22.931 [main] DEBUG org.apache.http.impl.conn.PoolingHttpClientConnectionManager - Connection leased: [id: 1][route: {}->http://localhost:8080][total kept alive: 0; route allocated: 1 of 2; total allocated: 1 of 20]
21:35:22.931 [main] DEBUG org.apache.http.impl.execchain.MainClientExec - Opening connection {}->http://localhost:8080
21:35:22.931 [main] DEBUG org.apache.http.impl.conn.DefaultHttpClientConnectionOperator - Connecting to localhost/127.0.0.1:8080
21:35:22.931 [main] DEBUG org.apache.http.impl.conn.DefaultHttpClientConnectionOperator - Connection established 127.0.0.1:55426<->127.0.0.1:8080
21:35:22.931 [main] DEBUG org.apache.http.impl.execchain.MainClientExec - Executing request POST /admin/market/add HTTP/1.1
21:35:22.931 [main] DEBUG org.apache.http.impl.execchain.MainClientExec - Target auth state: UNCHALLENGED
21:35:22.931 [main] DEBUG org.apache.http.impl.execchain.MainClientExec - Proxy auth state: UNCHALLENGED
21:35:22.931 [main] DEBUG org.apache.http.headers - http-outgoing-1 >> POST /admin/market/add HTTP/1.1
21:35:22.931 [main] DEBUG org.apache.http.headers - http-outgoing-1 >> Accept: application/json
21:35:22.931 [main] DEBUG org.apache.http.headers - http-outgoing-1 >> Content-type: application/json
21:35:22.931 [main] DEBUG org.apache.http.headers - http-outgoing-1 >> Content-Length: 80
21:35:22.931 [main] DEBUG org.apache.http.headers - http-outgoing-1 >> Host: localhost:8080
21:35:22.931 [main] DEBUG org.apache.http.headers - http-outgoing-1 >> Connection: Keep-Alive
21:35:22.931 [main] DEBUG org.apache.http.headers - http-outgoing-1 >> User-Agent: Apache-HttpClient/4.5.6 (Java/1.8.0_191)
21:35:22.931 [main] DEBUG org.apache.http.headers - http-outgoing-1 >> Accept-Encoding: gzip,deflate
21:35:22.931 [main] DEBUG org.apache.http.wire - http-outgoing-1 >> "POST /admin/market/add HTTP/1.1[\r][\n]"
21:35:22.931 [main] DEBUG org.apache.http.wire - http-outgoing-1 >> "Accept: application/json[\r][\n]"
21:35:22.931 [main] DEBUG org.apache.http.wire - http-outgoing-1 >> "Content-type: application/json[\r][\n]"
21:35:22.931 [main] DEBUG org.apache.http.wire - http-outgoing-1 >> "Content-Length: 80[\r][\n]"
21:35:22.931 [main] DEBUG org.apache.http.wire - http-outgoing-1 >> "Host: localhost:8080[\r][\n]"
21:35:22.931 [main] DEBUG org.apache.http.wire - http-outgoing-1 >> "Connection: Keep-Alive[\r][\n]"
21:35:22.931 [main] DEBUG org.apache.http.wire - http-outgoing-1 >> "User-Agent: Apache-HttpClient/4.5.6 (Java/1.8.0_191)[\r][\n]"
21:35:22.931 [main] DEBUG org.apache.http.wire - http-outgoing-1 >> "Accept-Encoding: gzip,deflate[\r][\n]"
21:35:22.931 [main] DEBUG org.apache.http.wire - http-outgoing-1 >> "[\r][\n]"
21:35:22.931 [main] DEBUG org.apache.http.wire - http-outgoing-1 >> "[ { "id": 4, "title": "Perfect_Shopify", "price": 100, "inventoryCount": 100 } ]"
21:35:22.946 [main] DEBUG org.apache.http.wire - http-outgoing-1 << "HTTP/1.1 500 [\r][\n]"
21:35:22.946 [main] DEBUG org.apache.http.wire - http-outgoing-1 << "Content-Type: application/json;charset=UTF-8[\r][\n]"
21:35:22.946 [main] DEBUG org.apache.http.wire - http-outgoing-1 << "Transfer-Encoding: chunked[\r][\n]"
21:35:22.946 [main] DEBUG org.apache.http.wire - http-outgoing-1 << "Date: Mon, 14 Jan 2019 02:35:22 GMT[\r][\n]"
21:35:22.946 [main] DEBUG org.apache.http.wire - http-outgoing-1 << "Connection: close[\r][\n]"
21:35:22.946 [main] DEBUG org.apache.http.wire - http-outgoing-1 << "[\r][\n]"
21:35:22.946 [main] DEBUG org.apache.http.wire - http-outgoing-1 << "1af5[\r][\n]"
21:35:22.946 [main] DEBUG org.apache.http.wire - http-outgoing-1 << "{"timestamp":"2019-01-14T02:35:22.931+0000","status":500,"error":"Internal Server Error","message":"Perfect_Shopify already exists on the market.","trace":"java.security.InvalidKeyException: Perfect_Shopify already exists on the market.\r\n\tat marketplaceserverapi.implementations.MarketServiceImpl.addProduct(MarketServiceImpl.java:57)\r\n\tat marketplaceserverapi.implementations.MarketServiceImpl.addProducts(MarketServiceImpl.java:63)\r\n\tat marketplaceserverapi.controllers.MarketAdminController.addProducts(MarketAdminController.java:43)\r\n\tat java.base/jdk.internal.reflect.NativeMethodAccessorImpl.invoke0(Native Method)\r\n\tat java.base/jdk.internal.reflect.NativeMethodAccessorImpl.invoke(NativeMethodAccessorImpl.java:62)\r\n\tat java.base/jdk.internal.reflect.DelegatingMethodAccessorImpl.invoke(DelegatingMethodAccessorImpl.java:43)\r\n\tat java.base/java.lang.reflect.Method.invoke(Method.java:566)\r\n\tat org.springframework.web.method.support.InvocableHandlerMethod.doInvoke(InvocableHandlerMethod.java:189)\r\n\tat org.springframework.web.method.support.InvocableHandlerMethod.invokeForRequest(InvocableHandlerMethod.java:138)\r\n\tat org.springframework.web.servlet.mvc.method.annotation.ServletInvocableHandlerMethod.invokeAndHandle(ServletInvocableHandlerMethod.java:102)\r\n\tat org.springframework.web.servlet.mvc.method.annotation.RequestMappingHandlerAdapter.invokeHandlerMethod(RequestMappingHandlerAdapter.java:895)\r\n\tat org.springframework.web.servlet.mvc.method.annotation.RequestMappingHandlerAdapter.handleInternal(RequestMappingHandlerAdapter.java:800)\r\n\tat org.springframework.web.servlet.mvc.method.AbstractHandlerMethodAdapter.handle(AbstractHandlerMethodAdapter.java:87)\r\n\tat org.springframework.web.servlet.DispatcherServlet.doDispatch(DispatcherServlet.java:1038)\r\n\tat org.springframework.web.servlet.DispatcherServlet.doService(DispatcherServlet.java:942)\r\n\tat org.springframework.web.servlet.FrameworkServlet.processRequest(FrameworkServlet.java:1005)\r\n\tat org.springframework.web.servlet.FrameworkServlet.doPost(FrameworkServlet.java:908)\r\n\tat javax.servlet.http.HttpServlet.service(HttpServlet.java:660)\r\n\tat org.springframework.web.servlet.FrameworkServlet.service(FrameworkServlet.java:882)\r\n\tat javax.servlet.http.HttpServlet.service(HttpServlet.java:741)\r\n\tat org.apache.catalina.core.ApplicationFilterChain.internalDoFilter(ApplicationFilterChain.java:231)\r\n\tat org.apache.catalina.core.ApplicationFilterChain.doFilter(ApplicationFilterChain.java:166)\r\n\tat org.apache.tomcat.websocket.server.WsFilter.doFilter(WsFilter.java:53)\r\n\tat org.apache.catalina.core.ApplicationFilterChain.internalDoFilter(ApplicationFilterChain.java:193)\r\n\tat org.apache.catalina.core.ApplicationFilterChain.doFilter(ApplicationFilterChain.java:166)\r\n\tat org.springframework.boot.actuate.web.trace.servlet.HttpTraceFilter.doFilterInternal(HttpTraceFilter.java:90)\r\n\tat org.springframework.web.filter.OncePerRequestFilter.doFilter(OncePerRequestFilter.java:107)\r\n\tat org.apache.catalina.core.ApplicationFilterChain.internalDoFilter(ApplicationFilterChain.java:193)\r\n\tat org.apache.catalina.core.ApplicationFilterChain.doFilter(ApplicationFilterChain.java:166)\r\n\tat org.springframework.web.filter.RequestContextFilter.doFilterInternal(RequestContextFilter.java:99)\r\n\tat org.springframework.web.filter.OncePerRequestFilter.doFilter(OncePerRequestFilter.java:107)\r\n\tat org.apache.catalina.core.ApplicationFilterChain.internalDoFilter(ApplicationFilterChain.java:193)\r\n\tat org.apache.catalina.core.ApplicationFilterChain.doFilter(ApplicationFilterChain.java:166)\r\n\tat org.springframework.web.filter.FormContentFilter.doFilterInternal(FormContentFilter.java:92)\r\n\tat org.springframework.web.filter.OncePerRequestFilter.doFilter(OncePerRequestFilter.java:107)\r\n\tat org.apache.catalina.core.ApplicationFilterChain.internalDoFilter(ApplicationFilterChain.java:193)\r\n\tat org.apache.catalina.core.ApplicationFilterChain.doFilter(ApplicationFilterChain.java:166)\r\n\tat org.springframework.web.filter.HiddenHttpMethodFilter.doFilterInternal(HiddenHttpMethodFilter.java:93)\r\n\tat org.springframework.web.filter.OncePerRequestFilter.doFilter(OncePerRequestFilter.java:107)\r\n\tat org.apache.catalina.core.ApplicationFilterChain.internalDoFilter(ApplicationFilterChain.java:193)\r\n\tat org.apache.catalina.core.ApplicationFilterChain.doFilter(ApplicationFilterChain.java:166)\r\n\tat org.springframework.boot.actuate.metrics.web.servlet.WebMvcMetricsFilter.filterAndRecordMetrics(WebMvcMetricsFilter.java:117)\r\n\tat org.springframework.boot.actuate.metrics.web.servlet.WebMvcMetricsFilter.doFilterInternal(WebMvcMetricsFilter.java:106)\r\n\tat org.springframework.web.filter.OncePerRequestFilter.doFilter(OncePerRequestFilter.java:107)\r\n\tat org.apache.catalina.core.ApplicationFilterChain.internalDoFilter(ApplicationFilterChain.java:193)\r\n\tat org.apache.catalina.core.ApplicationFilterChain.doFilter(ApplicationFilterChain.java:166)\r\n\tat org.springframework.web.filter.CharacterEncodingFilter.doFilterInternal(CharacterEncodingFilter.java:200)\r\n\tat org.springframework.web.filter.OncePerRequestFilter.doFilter(OncePerRequestFilter.java:107)\r\n\tat org.apache.catalina.core.ApplicationFilterChain.internalDoFilter(ApplicationFilterChain.java:193)\r\n\tat org.apache.catalina.core.ApplicationFilterChain.doFilter(ApplicationFilterChain.java:166)\r\n\tat org.apache.catalina.core.StandardWrapperValve.invoke(StandardWrapperValve.java:199)\r\n\tat org.apache.catalina.core.StandardContextValve.invoke(StandardContextValve.java:96)\r\n\tat org.apache.catalina.authenticator.AuthenticatorBase.invoke(AuthenticatorBase.java:490)\r\n\tat org.apache.catalina.core.StandardHostValve.invoke(StandardHostValve.java:139)\r\n\tat org.apache.catalina.valves.ErrorReportValve.invoke(ErrorReportValve.java:92)\r\n\tat org.apache.catalina.core.StandardEngineValve.invoke(StandardEngineValve.java:74)\r\n\tat org.apache.catalina.connector.CoyoteAdapter.service(CoyoteAdapter.java:343)\r\n\tat org.apache.coyote.http11.Http11Processor.service(Http11Processor.java:408)\r\n\tat org.apache.coyote.AbstractProcessorLight.process(AbstractProcessorLight.java:66)\r\n\tat org.apache.coyote.AbstractProtocol$ConnectionHandler.process(AbstractProtocol.java:791)\r\n\tat org.apache.tomcat.util.net.NioEndpoint$SocketProcessor.doRun(NioEndpoint.java:1417)\r\n\tat org.apache.tomcat.util.net.SocketProcessorBase.run(SocketProcessorBase.java:49)\r\n\tat java.base/java.util.concurrent.ThreadPoolExecutor.runWorker(ThreadPoolExecutor.java:1128)\r\n\tat java.base/java.util.concurrent.ThreadPoolExecutor$Worker.run(ThreadPoolExecutor.java:628)\r\n\tat org.apache.tomcat.util.threads.TaskThread$WrappingRunnable.run(TaskThread.java:61)\r\n\tat java.base/java.lang.Thread.run(Thread.java:834)\r\n","path":"/admin/market/add"}[\r][\n]"
21:35:22.946 [main] DEBUG org.apache.http.headers - http-outgoing-1 << HTTP/1.1 500 
21:35:22.946 [main] DEBUG org.apache.http.headers - http-outgoing-1 << Content-Type: application/json;charset=UTF-8
21:35:22.946 [main] DEBUG org.apache.http.headers - http-outgoing-1 << Transfer-Encoding: chunked
21:35:22.946 [main] DEBUG org.apache.http.headers - http-outgoing-1 << Date: Mon, 14 Jan 2019 02:35:22 GMT
21:35:22.946 [main] DEBUG org.apache.http.headers - http-outgoing-1 << Connection: close
]]></system-out>
  </testcase>
</testsuite>